Dictionary/app/build/intermediates/manifest_merge_blame_file/release/manifest-merger-blame-release-report.txt
1<?xml version="1.0" encoding="utf-8"?>
2<manifest xmlns:android="http://schemas.android.com/apk/res/android"
3    package="hrx.dict.activity"
4    android:versionCode="1"
5    android:versionName="1.0" >
6
7    <uses-sdk
8        android:maxSdkVersion="29"
8-->src\main\AndroidManifest.xml
9        android:minSdkVersion="15"
9-->src\main\AndroidManifest.xml
10        android:targetSdkVersion="26" />
10-->src\main\AndroidManifest.xml
11
12    <!-- 查看网络状态 -->
13    <uses-permission android:name="android.permission.ACCESS_NETWORK_STATE" />
13-->src\main\AndroidManifest.xml:8:5-95
13-->src\main\AndroidManifest.xml:8:22-76
14    <!-- 允许访问网络 -->
15    <uses-permission android:name="android.permission.INTERNET" />
15-->src\main\AndroidManifest.xml:10:5-83
15-->src\main\AndroidManifest.xml:10:22-64
16
17    <application
17-->src\main\AndroidManifest.xml:12:5-30:19
18        android:name="hrx.dict.activity.MyApplication"
18-->src\main\AndroidManifest.xml:14:9-38
19        android:appComponentFactory="androidx.core.app.CoreComponentFactory"
19-->[androidx.core:core:1.1.0] AndroidManifest.xml:24:18-86
20        android:icon="@drawable/dictionary"
20-->src\main\AndroidManifest.xml:13:9-44
21        android:label="@string/app_name"
21-->src\main\AndroidManifest.xml:15:9-41
22        android:theme="@style/AppTheme" >
22-->src\main\AndroidManifest.xml:16:9-40
23        <activity android:name="hrx.dict.activity.WelcomeActivity" >
23-->src\main\AndroidManifest.xml:17:9-23:20
23-->src\main\AndroidManifest.xml:18:13-44
24            <intent-filter>
24-->src\main\AndroidManifest.xml:19:13-22:29
25                <action android:name="android.intent.action.MAIN" />
25-->src\main\AndroidManifest.xml:20:17-69
25-->src\main\AndroidManifest.xml:20:25-66
26
27                <category android:name="android.intent.category.LAUNCHER" />
27-->src\main\AndroidManifest.xml:21:17-77
27-->src\main\AndroidManifest.xml:21:27-74
28            </intent-filter>
29        </activity>
30        <activity android:name="hrx.dict.activity.LoginActivity" />
30-->src\main\AndroidManifest.xml:24:9-60
30-->src\main\AndroidManifest.xml:24:19-48
31        <activity android:name="hrx.dict.activity.RegisterActivity" />
31-->src\main\AndroidManifest.xml:25:9-63
31-->src\main\AndroidManifest.xml:25:19-51
32        <activity android:name="hrx.dict.activity.MainActivity" />
32-->src\main\AndroidManifest.xml:26:9-59
32-->src\main\AndroidManifest.xml:26:19-47
33        <activity android:name="hrx.dict.activity.TranslateActivity" />
33-->src\main\AndroidManifest.xml:27:9-64
33-->src\main\AndroidManifest.xml:27:19-52
34        <activity android:name="hrx.dict.activity.SelectActivity" />
34-->src\main\AndroidManifest.xml:28:9-61
34-->src\main\AndroidManifest.xml:28:19-49
35    </application>
36
37</manifest>